<?xml version="1.0" encoding="UTF-8"?>
<testng-results skipped="0" failed="0" total="2" passed="2">
  <reporter-output>
  </reporter-output>
  <suite name="Suite" duration-ms="8069" started-at="2015-08-28T15:34:38Z" finished-at="2015-08-28T15:34:46Z">
    <groups>
    </groups>
    <test name="Test1" duration-ms="4922" started-at="2015-08-28T15:34:38Z" finished-at="2015-08-28T15:34:43Z">
      <class name="TestDemo">
        <test-method status="PASS" signature="SearchBaidu()" name="SearchBaidu" duration-ms="4716" started-at="2015-08-28T15:34:38Z" finished-at="2015-08-28T15:34:43Z">
        </test-method>
      </class>
    </test>
    <test name="Test2" duration-ms="3107" started-at="2015-08-28T15:34:43Z" finished-at="2015-08-28T15:34:46Z">
      <class name="TestDemo">
        <test-method status="PASS" signature="SearchBaidu()" name="SearchBaidu" duration-ms="3104" started-at="2015-08-28T15:34:43Z" finished-at="2015-08-28T15:34:46Z">
        </test-method>
      </class>
    </test>
  </suite>
</testng-results>
